<?xml version="1.0" encoding="UTF-8"?>
<robot generator="Robot 5.0.1 (Python 3.8.15 on darwin)" generated="20221019 18:48:14.099" rpa="false" schemaversion="3">
<suite id="s1" name="Demo" source="/Users/rongyao.ma/PycharmProjects/WorkingClass/testcase/demo.robot">
<test id="s1-t1" name="Get_taxRelief" line="18">
<kw name="GET" library="RequestsLibrary">
<var>${response}</var>
<arg>${get_taxRelief_endpoint}</arg>
<doc>Sends a GET request.</doc>
<msg timestamp="20221019 18:48:14.516" level="INFO">GET Request : url=http://localhost:8080/calculator/taxRelief 
 path_url=/calculator/taxRelief 
 headers={'User-Agent': 'python-requests/2.28.1', 'Accept-Encoding': 'gzip, deflate', 'Accept': '*/*', 'Connection': 'keep-alive'} 
 body=None 
 </msg>
<msg timestamp="20221019 18:48:14.516" level="INFO">GET Response : url=http://localhost:8080/calculator/taxRelief 
 status=200, reason= 
 headers={'Content-Type': 'application/json;charset=UTF-8', 'Transfer-Encoding': 'chunked', 'Date': 'Wed, 19 Oct 2022 10:48:14 GMT'} 
 body=[] 
 </msg>
<msg timestamp="20221019 18:48:14.517" level="INFO">${response} = &lt;Response [200]&gt;</msg>
<status status="PASS" starttime="20221019 18:48:14.340" endtime="20221019 18:48:14.517"/>
</kw>
<kw name="Log To Console" library="BuiltIn">
<arg>${response.status_code}</arg>
<doc>Logs the given message to the console.</doc>
<status status="PASS" starttime="20221019 18:48:14.517" endtime="20221019 18:48:14.518"/>
</kw>
<kw name="Log To Console" library="BuiltIn">
<arg>${response.json()}</arg>
<doc>Logs the given message to the console.</doc>
<status status="PASS" starttime="20221019 18:48:14.518" endtime="20221019 18:48:14.519"/>
</kw>
<kw name="Convert To String" library="BuiltIn">
<var>${status_code}</var>
<arg>${response.status_code}</arg>
<doc>Converts the given item to a Unicode string.</doc>
<msg timestamp="20221019 18:48:14.520" level="INFO">${status_code} = 200</msg>
<status status="PASS" starttime="20221019 18:48:14.519" endtime="20221019 18:48:14.520"/>
</kw>
<kw name="Status Should Be" library="RequestsLibrary">
<arg>200</arg>
<doc>Fails if response status code is different than the expected.</doc>
<status status="PASS" starttime="20221019 18:48:14.520" endtime="20221019 18:48:14.520"/>
</kw>
<status status="PASS" starttime="20221019 18:48:14.339" endtime="20221019 18:48:14.520"/>
</test>
<test id="s1-t2" name="Get_tax_releif_summary" line="25">
<kw name="GET" library="RequestsLibrary">
<var>${response}</var>
<arg>${get_taxReliefSummary_endpoint}</arg>
<doc>Sends a GET request.</doc>
<msg timestamp="20221019 18:48:14.542" level="INFO">GET Request : url=http://localhost:8080/calculator/taxReliefSummary 
 path_url=/calculator/taxReliefSummary 
 headers={'User-Agent': 'python-requests/2.28.1', 'Accept-Encoding': 'gzip, deflate', 'Accept': '*/*', 'Connection': 'keep-alive'} 
 body=None 
 </msg>
<msg timestamp="20221019 18:48:14.542" level="INFO">GET Response : url=http://localhost:8080/calculator/taxReliefSummary 
 status=200, reason= 
 headers={'Content-Type': 'application/json;charset=UTF-8', 'Transfer-Encoding': 'chunked', 'Date': 'Wed, 19 Oct 2022 10:48:14 GMT'} 
 body={"totalWorkingClassHeroes":"0","totalTaxReliefAmount":"0"} 
 </msg>
<msg timestamp="20221019 18:48:14.542" level="INFO">${response} = &lt;Response [200]&gt;</msg>
<status status="PASS" starttime="20221019 18:48:14.521" endtime="20221019 18:48:14.542"/>
</kw>
<kw name="Log To Console" library="BuiltIn">
<arg>${response.json()}</arg>
<doc>Logs the given message to the console.</doc>
<status status="PASS" starttime="20221019 18:48:14.542" endtime="20221019 18:48:14.543"/>
</kw>
<kw name="Status Should Be" library="RequestsLibrary">
<arg>200</arg>
<doc>Fails if response status code is different than the expected.</doc>
<status status="PASS" starttime="20221019 18:48:14.543" endtime="20221019 18:48:14.544"/>
</kw>
<kw name="Get Value From Json" library="JSONLibrary">
<var>${total_number}</var>
<arg>${response.json()}</arg>
<arg>totalWorkingClassHeroes</arg>
<doc>Get Value From JSON using JSONPath</doc>
<msg timestamp="20221019 18:48:14.579" level="INFO">${total_number} = ['0']</msg>
<status status="PASS" starttime="20221019 18:48:14.544" endtime="20221019 18:48:14.579"/>
</kw>
<kw name="Get Value From Json" library="JSONLibrary">
<var>${total_tax_amount}</var>
<arg>${response.json()}</arg>
<arg>totalTaxReliefAmount</arg>
<doc>Get Value From JSON using JSONPath</doc>
<msg timestamp="20221019 18:48:14.608" level="INFO">${total_tax_amount} = ['0']</msg>
<status status="PASS" starttime="20221019 18:48:14.579" endtime="20221019 18:48:14.608"/>
</kw>
<status status="PASS" starttime="20221019 18:48:14.521" endtime="20221019 18:48:14.608"/>
</test>
<test id="s1-t3" name="Insert Single Record" line="34">
<kw name="Create Dictionary" library="BuiltIn">
<var>${headers}</var>
<arg>Content-Type=application/json</arg>
<doc>Creates and returns a dictionary based on the given ``items``.</doc>
<msg timestamp="20221019 18:48:14.610" level="INFO">${headers} = {'Content-Type': 'application/json'}</msg>
<status status="PASS" starttime="20221019 18:48:14.609" endtime="20221019 18:48:14.610"/>
</kw>
<kw name="Create Dictionary" library="BuiltIn">
<var>${body}</var>
<arg>birthday=01101990</arg>
<arg>gender=m</arg>
<arg>name=Kiwi</arg>
<arg>natid=100001</arg>
<arg>salary=10000</arg>
<arg>tax=1000</arg>
<doc>Creates and returns a dictionary based on the given ``items``.</doc>
<msg timestamp="20221019 18:48:14.610" level="INFO">${body} = {'birthday': '01101990', 'gender': 'm', 'name': 'Kiwi', 'natid': '100001', 'salary': '10000', 'tax': '1000'}</msg>
<status status="PASS" starttime="20221019 18:48:14.610" endtime="20221019 18:48:14.610"/>
</kw>
<kw name="POST" library="RequestsLibrary">
<var>${response}</var>
<arg>${INSERT_SINGLE_RECORD_ENDPOINT}</arg>
<arg>json=${body}</arg>
<arg>headers=${headers}</arg>
<doc>Sends a POST request.</doc>
<msg timestamp="20221019 18:48:14.686" level="INFO">POST Request : url=http://localhost:8080/calculator/insert 
 path_url=/calculator/insert 
 headers={'User-Agent': 'python-requests/2.28.1', 'Accept-Encoding': 'gzip, deflate', 'Accept': '*/*', 'Connection': 'keep-alive', 'Content-Type': 'application/json', 'Content-Length': '108'} 
 body=b'{"birthday": "01101990", "gender": "m", "name": "Kiwi", "natid": "100001", "salary": "10000", "tax": "1000"}' 
 </msg>
<msg timestamp="20221019 18:48:14.687" level="INFO">POST Response : url=http://localhost:8080/calculator/insert 
 status=202, reason= 
 headers={'Content-Type': 'text/plain;charset=UTF-8', 'Content-Length': '7', 'Date': 'Wed, 19 Oct 2022 10:48:14 GMT'} 
 body=Alright 
 </msg>
<msg timestamp="20221019 18:48:14.687" level="INFO">${response} = &lt;Response [202]&gt;</msg>
<status status="PASS" starttime="20221019 18:48:14.611" endtime="20221019 18:48:14.687"/>
</kw>
<kw name="Status Should Be" library="RequestsLibrary">
<arg>202</arg>
<doc>Fails if response status code is different than the expected.</doc>
<status status="PASS" starttime="20221019 18:48:14.687" endtime="20221019 18:48:14.687"/>
</kw>
<kw name="Log To Console" library="BuiltIn">
<arg>${response.content}</arg>
<doc>Logs the given message to the console.</doc>
<status status="PASS" starttime="20221019 18:48:14.687" endtime="20221019 18:48:14.688"/>
</kw>
<kw name="Convert To String" library="BuiltIn">
<var>${resp_content}</var>
<arg>${response.content}</arg>
<doc>Converts the given item to a Unicode string.</doc>
<msg timestamp="20221019 18:48:14.689" level="INFO">${resp_content} = Alright</msg>
<status status="PASS" starttime="20221019 18:48:14.688" endtime="20221019 18:48:14.689"/>
</kw>
<kw name="Should Be Equal" library="BuiltIn">
<arg>${resp_content}</arg>
<arg>Alright</arg>
<doc>Fails if the given objects are unequal.</doc>
<status status="PASS" starttime="20221019 18:48:14.689" endtime="20221019 18:48:14.690"/>
</kw>
<status status="PASS" starttime="20221019 18:48:14.609" endtime="20221019 18:48:14.690"/>
</test>
<test id="s1-t4" name="Insert Multiple Records" line="43">
<kw name="Create Dictionary" library="BuiltIn">
<var>${headers}</var>
<arg>Content-Type=application/json</arg>
<doc>Creates and returns a dictionary based on the given ``items``.</doc>
<msg timestamp="20221019 18:48:14.691" level="INFO">${headers} = {'Content-Type': 'application/json'}</msg>
<status status="PASS" starttime="20221019 18:48:14.691" endtime="20221019 18:48:14.691"/>
</kw>
<kw name="Create Dictionary" library="BuiltIn">
<var>${working_class1}</var>
<arg>birthday=01021991</arg>
<arg>gender=m</arg>
<arg>name=Nick</arg>
<arg>natid=9999</arg>
<arg>salary=45000</arg>
<arg>tax=7000</arg>
<doc>Creates and returns a dictionary based on the given ``items``.</doc>
<msg timestamp="20221019 18:48:14.692" level="INFO">${working_class1} = {'birthday': '01021991', 'gender': 'm', 'name': 'Nick', 'natid': '9999', 'salary': '45000', 'tax': '7000'}</msg>
<status status="PASS" starttime="20221019 18:48:14.691" endtime="20221019 18:48:14.692"/>
</kw>
<kw name="Create Dictionary" library="BuiltIn">
<var>${working_class2}</var>
<arg>birthday=01021992</arg>
<arg>gender=f</arg>
<arg>name=Mary</arg>
<arg>natid=10000</arg>
<arg>salary=56000</arg>
<arg>tax=9000</arg>
<doc>Creates and returns a dictionary based on the given ``items``.</doc>
<msg timestamp="20221019 18:48:14.692" level="INFO">${working_class2} = {'birthday': '01021992', 'gender': 'f', 'name': 'Mary', 'natid': '10000', 'salary': '56000', 'tax': '9000'}</msg>
<status status="PASS" starttime="20221019 18:48:14.692" endtime="20221019 18:48:14.692"/>
</kw>
<kw name="Create List" library="BuiltIn">
<var>${body}</var>
<arg>${working_class1}</arg>
<arg>${working_class2}</arg>
<doc>Returns a list containing given items.</doc>
<msg timestamp="20221019 18:48:14.693" level="INFO">${body} = [{'birthday': '01021991', 'gender': 'm', 'name': 'Nick', 'natid': '9999', 'salary': '45000', 'tax': '7000'}, {'birthday': '01021992', 'gender': 'f', 'name': 'Mary', 'natid': '10000', 'salary': '56000'...</msg>
<status status="PASS" starttime="20221019 18:48:14.693" endtime="20221019 18:48:14.693"/>
</kw>
<kw name="POST" library="RequestsLibrary">
<var>${response}</var>
<arg>${insert_multiple_records_endpoint}</arg>
<arg>json=${body}</arg>
<arg>headers=${headers}</arg>
<doc>Sends a POST request.</doc>
<msg timestamp="20221019 18:48:14.709" level="INFO">POST Request : url=http://localhost:8080/calculator/insertMultiple 
 path_url=/calculator/insertMultiple 
 headers={'User-Agent': 'python-requests/2.28.1', 'Accept-Encoding': 'gzip, deflate', 'Accept': '*/*', 'Connection': 'keep-alive', 'Content-Type': 'application/json', 'Content-Length': '217'} 
 body=b'[{"birthday": "01021991", "gender": "m", "name": "Nick", "natid": "9999", "salary": "45000", "tax": "7000"}, {"birthday": "01021992", "gender": "f", "name": "Mary", "natid": "10000", "salary": "56000", "tax": "9000"}]' 
 </msg>
<msg timestamp="20221019 18:48:14.709" level="INFO">POST Response : url=http://localhost:8080/calculator/insertMultiple 
 status=202, reason= 
 headers={'Content-Type': 'text/plain;charset=UTF-8', 'Content-Length': '7', 'Date': 'Wed, 19 Oct 2022 10:48:14 GMT'} 
 body=Alright 
 </msg>
<msg timestamp="20221019 18:48:14.709" level="INFO">${response} = &lt;Response [202]&gt;</msg>
<status status="PASS" starttime="20221019 18:48:14.693" endtime="20221019 18:48:14.709"/>
</kw>
<kw name="Status Should Be" library="RequestsLibrary">
<arg>202</arg>
<doc>Fails if response status code is different than the expected.</doc>
<status status="PASS" starttime="20221019 18:48:14.709" endtime="20221019 18:48:14.710"/>
</kw>
<kw name="Log To Console" library="BuiltIn">
<arg>${response.content}</arg>
<doc>Logs the given message to the console.</doc>
<status status="PASS" starttime="20221019 18:48:14.710" endtime="20221019 18:48:14.711"/>
</kw>
<kw name="Convert To String" library="BuiltIn">
<var>${resp_content}</var>
<arg>${response.content}</arg>
<doc>Converts the given item to a Unicode string.</doc>
<msg timestamp="20221019 18:48:14.712" level="INFO">${resp_content} = Alright</msg>
<status status="PASS" starttime="20221019 18:48:14.711" endtime="20221019 18:48:14.712"/>
</kw>
<kw name="Should Be Equal" library="BuiltIn">
<arg>${resp_content}</arg>
<arg>Alright</arg>
<doc>Fails if the given objects are unequal.</doc>
<status status="PASS" starttime="20221019 18:48:14.712" endtime="20221019 18:48:14.712"/>
</kw>
<status status="PASS" starttime="20221019 18:48:14.690" endtime="20221019 18:48:14.713"/>
</test>
<test id="s1-t5" name="Rake Database" line="55">
<kw name="POST" library="RequestsLibrary">
<var>${response}</var>
<arg>${rake_database_endpoint}</arg>
<doc>Sends a POST request.</doc>
<msg timestamp="20221019 18:48:14.751" level="INFO">POST Request : url=http://localhost:8080/calculator/rakeDatabase 
 path_url=/calculator/rakeDatabase 
 headers={'User-Agent': 'python-requests/2.28.1', 'Accept-Encoding': 'gzip, deflate', 'Accept': '*/*', 'Connection': 'keep-alive', 'Content-Length': '0'} 
 body=None 
 </msg>
<msg timestamp="20221019 18:48:14.752" level="INFO">POST Response : url=http://localhost:8080/calculator/rakeDatabase 
 status=200, reason= 
 headers={'Content-Type': 'text/plain;charset=UTF-8', 'Content-Length': '21', 'Date': 'Wed, 19 Oct 2022 10:48:14 GMT'} 
 body=Successfully raked DB 
 </msg>
<msg timestamp="20221019 18:48:14.752" level="INFO">${response} = &lt;Response [200]&gt;</msg>
<status status="PASS" starttime="20221019 18:48:14.714" endtime="20221019 18:48:14.752"/>
</kw>
<kw name="Convert To String" library="BuiltIn">
<var>${response_str}</var>
<arg>${response.content}</arg>
<doc>Converts the given item to a Unicode string.</doc>
<msg timestamp="20221019 18:48:14.753" level="INFO">${response_str} = Successfully raked DB</msg>
<status status="PASS" starttime="20221019 18:48:14.752" endtime="20221019 18:48:14.753"/>
</kw>
<kw name="Should Be Equal" library="BuiltIn">
<arg>${response_str}</arg>
<arg>Successfully raked DB</arg>
<doc>Fails if the given objects are unequal.</doc>
<status status="PASS" starttime="20221019 18:48:14.753" endtime="20221019 18:48:14.753"/>
</kw>
<status status="PASS" starttime="20221019 18:48:14.713" endtime="20221019 18:48:14.754"/>
</test>
<test id="s1-t6" name="Insert Random Integer" line="61">
<kw name="POST" library="RequestsLibrary">
<var>${response}</var>
<arg>${insert_random_integer_endpoint}</arg>
<arg>params=count=1</arg>
<doc>Sends a POST request.</doc>
<msg timestamp="20221019 18:48:14.785" level="INFO">POST Request : url=http://localhost:8080/calculator/insertRandomToDatabaseForNoReason?count=1 
 path_url=/calculator/insertRandomToDatabaseForNoReason?count=1 
 headers={'User-Agent': 'python-requests/2.28.1', 'Accept-Encoding': 'gzip, deflate', 'Accept': '*/*', 'Connection': 'keep-alive', 'Content-Length': '0'} 
 body=None 
 </msg>
<msg timestamp="20221019 18:48:14.785" level="INFO">POST Response : url=http://localhost:8080/calculator/insertRandomToDatabaseForNoReason?count=1 
 status=200, reason= 
 headers={'Content-Type': 'text/plain;charset=UTF-8', 'Content-Length': '23', 'Date': 'Wed, 19 Oct 2022 10:48:14 GMT'} 
 body=Successfully inserted 1 
 </msg>
<msg timestamp="20221019 18:48:14.785" level="INFO">${response} = &lt;Response [200]&gt;</msg>
<status status="PASS" starttime="20221019 18:48:14.754" endtime="20221019 18:48:14.785"/>
</kw>
<kw name="Status Should Be" library="RequestsLibrary">
<arg>200</arg>
<doc>Fails if response status code is different than the expected.</doc>
<status status="PASS" starttime="20221019 18:48:14.786" endtime="20221019 18:48:14.786"/>
</kw>
<kw name="Convert To String" library="BuiltIn">
<var>${response_str}</var>
<arg>${response.content}</arg>
<doc>Converts the given item to a Unicode string.</doc>
<msg timestamp="20221019 18:48:14.787" level="INFO">${response_str} = Successfully inserted 1</msg>
<status status="PASS" starttime="20221019 18:48:14.786" endtime="20221019 18:48:14.787"/>
</kw>
<kw name="Should Contain" library="BuiltIn">
<arg>${response_str}</arg>
<arg>Successfully inserted</arg>
<doc>Fails if ``container`` does not contain ``item`` one or more times.</doc>
<status status="PASS" starttime="20221019 18:48:14.787" endtime="20221019 18:48:14.787"/>
</kw>
<status status="PASS" starttime="20221019 18:48:14.754" endtime="20221019 18:48:14.788"/>
</test>
<test id="s1-t7" name="Upload CSV File" line="68">
<kw name="Get File For Streaming Upload" library="RequestsLibrary">
<var>${file}</var>
<arg>/Users/rongyao.ma/PycharmProjects/WorkingClass/testcase/workingClassHeroes.csv</arg>
<doc>Opens and returns a file descriptor of a specified file to be passed as ``data`` parameter
to other requests keywords.</doc>
<msg timestamp="20221019 18:48:14.789" level="INFO">${file} = &lt;_io.BufferedReader name='/Users/rongyao.ma/PycharmProjects/WorkingClass/testcase/workingClassHeroes.csv'&gt;</msg>
<status status="PASS" starttime="20221019 18:48:14.789" endtime="20221019 18:48:14.789"/>
</kw>
<kw name="Create Dictionary" library="BuiltIn">
<var>${body}</var>
<arg>file=${file}</arg>
<doc>Creates and returns a dictionary based on the given ``items``.</doc>
<msg timestamp="20221019 18:48:14.790" level="INFO">${body} = {'file': &lt;_io.BufferedReader name='/Users/rongyao.ma/PycharmProjects/WorkingClass/testcase/workingClassHeroes.csv'&gt;}</msg>
<status status="PASS" starttime="20221019 18:48:14.789" endtime="20221019 18:48:14.790"/>
</kw>
<kw name="POST" library="RequestsLibrary">
<var>${response}</var>
<arg>${upload_csv_file_endpoint}</arg>
<arg>files=${body}</arg>
<doc>Sends a POST request.</doc>
<msg timestamp="20221019 18:48:15.032" level="INFO">POST Request : url=http://localhost:8080/calculator/uploadLargeFileForInsertionToDatabase 
 path_url=/calculator/uploadLargeFileForInsertionToDatabase 
 headers={'User-Agent': 'python-requests/2.28.1', 'Accept-Encoding': 'gzip, deflate', 'Accept': '*/*', 'Connection': 'keep-alive', 'Content-Length': '227', 'Content-Type': 'multipart/form-data; boundary=28a50cf2509287352ad33598d7462f7d'} 
 body=b'--28a50cf2509287352ad33598d7462f7d\r\nContent-Disposition: form-data; name="file"; filename="workingClassHeroes.csv"\r\n\r\nnatid,name,gender,salary,birthday,tax\n100000,Kiwi,m,9000,01101990,500\r\n--28a50cf2509287352ad33598d7462f7d--\r\n' 
 </msg>
<msg timestamp="20221019 18:48:15.032" level="INFO">POST Response : url=http://localhost:8080/calculator/uploadLargeFileForInsertionToDatabase 
 status=200, reason= 
 headers={'Content-Type': 'text/plain;charset=UTF-8', 'Content-Length': '21', 'Date': 'Wed, 19 Oct 2022 10:48:14 GMT'} 
 body=Successfully uploaded 
 </msg>
<msg timestamp="20221019 18:48:15.032" level="INFO">${response} = &lt;Response [200]&gt;</msg>
<status status="PASS" starttime="20221019 18:48:14.790" endtime="20221019 18:48:15.032"/>
</kw>
<kw name="Log To Console" library="BuiltIn">
<arg>${response.content}</arg>
<doc>Logs the given message to the console.</doc>
<status status="PASS" starttime="20221019 18:48:15.032" endtime="20221019 18:48:15.033"/>
</kw>
<kw name="Status Should Be" library="RequestsLibrary">
<arg>200</arg>
<doc>Fails if response status code is different than the expected.</doc>
<status status="PASS" starttime="20221019 18:48:15.033" endtime="20221019 18:48:15.033"/>
</kw>
<status status="PASS" starttime="20221019 18:48:14.788" endtime="20221019 18:48:15.034"/>
</test>
<status status="PASS" starttime="20221019 18:48:14.100" endtime="20221019 18:48:15.034"/>
</suite>
<statistics>
<total>
<stat pass="7" fail="0" skip="0">All Tests</stat>
</total>
<tag>
</tag>
<suite>
<stat pass="7" fail="0" skip="0" id="s1" name="Demo">Demo</stat>
</suite>
</statistics>
<errors>
</errors>
</robot>
